<?xml version="1.0" encoding="UTF-8"?>
<!-- Generated by org.testng.reporters.JUnitXMLReporter -->
<testsuite hostname="knoldus-Vostro-3546" ignored="0" name="Command line test" tests="4" failures="0" timestamp="07 Apr 2020 09:41:49 GMT" time="61.764" errors="0">
  <testcase name="ajaxFirstTest" time="6.948" classname="com.knoldus.AjaxSpec"/>
  <testcase name="ajaxSecondTest" time="3.431" classname="com.knoldus.AjaxSpec"/>
  <testcase name="child_Window_Or_PopUP" time="14.312" classname="com.knoldus.AjaxSpec"/>
  <testcase name="iframes" time="37.009" classname="com.knoldus.AjaxSpec"/>
</testsuite> <!-- Command line test -->
